Arguments: 
  C:\Program Files\nodejs\node.exe C:\Users\ludwi\AppData\Roaming\npm\node_modules\yarn\bin\yarn.js install

PATH: 
  C:\WINDOWS\system32;C:\WINDOWS;C:\WINDOWS\System32\Wbem;C:\WINDOWS\System32\WindowsPowerShell\v1.0\;C:\WINDOWS\System32\OpenSSH\;C:\Program Files\MATLAB\R2018a\bin;C:\Program Files\dotnet\;C:\Users\ludwi\AppData\Roaming\nvm;C:\Program Files\nodejs;C:\Program Files\Git\cmd;C:\Users\ludwi\AppData\Local\Microsoft\WindowsApps;D:\Microsoft VS Code\bin;C:\Users\ludwi\AppData\Roaming\npm;C:\Users\ludwi\AppData\Roaming\nvm;C:\Program Files\nodejs

Yarn version: 
  1.22.19

Node version: 
  20.10.0

Platform: 
  win32 x64

Trace: 
  Error: EPERM: operation not permitted, unlink 'C:\Users\ludwi\workspace\training\rushGame\node_modules\@rollup\rollup-win32-x64-msvc\rollup.win32-x64-msvc.node'

npm manifest: 
  {
    "name": "three-d",
    "private": true,
    "version": "0.0.0",
    "type": "module",
    "scripts": {
      "dev": "vite",
      "build": "tsc && vite build",
      "preview": "vite preview"
    },
    "devDependencies": {
      "typescript": "^5.2.2",
      "vite": "^5.4.0",
      "@types/react": "^18.2.44",
      "@types/react-dom": "^18.2.17"
    },
    "dependencies": {
      "react": "^18.2.0",
      "react-dom": "^18.2.0"
    }
  }

yarn manifest: 
  No manifest

Lockfile: 
  # THIS IS AN AUTOGENERATED FILE. DO NOT EDIT THIS FILE DIRECTLY.
  # yarn lockfile v1
  
  
  "@esbuild/aix-ppc64@0.21.5":
    version "0.21.5"
    resolved "https://registry.yarnpkg.com/@esbuild/aix-ppc64/-/aix-ppc64-0.21.5.tgz#c7184a326533fcdf1b8ee0733e21c713b975575f"
    integrity sha512-1SDgH6ZSPTlggy1yI6+Dbkiz8xzpHJEVAlF/AM1tHPLsf5STom9rwtjE4hKAF20FfXXNTFqEYXyJNWh1GiZedQ==
  
  "@esbuild/android-arm64@0.21.5":
    version "0.21.5"
    resolved "https://registry.yarnpkg.com/@esbuild/android-arm64/-/android-arm64-0.21.5.tgz#09d9b4357780da9ea3a7dfb833a1f1ff439b4052"
    integrity sha512-c0uX9VAUBQ7dTDCjq+wdyGLowMdtR/GoC2U5IYk/7D1H1JYC0qseD7+11iMP2mRLN9RcCMRcjC4YMclCzGwS/A==
  
  "@esbuild/android-arm@0.21.5":
    version "0.21.5"
    resolved "https://registry.yarnpkg.com/@esbuild/android-arm/-/android-arm-0.21.5.tgz#9b04384fb771926dfa6d7ad04324ecb2ab9b2e28"
    integrity sha512-vCPvzSjpPHEi1siZdlvAlsPxXl7WbOVUBBAowWug4rJHb68Ox8KualB+1ocNvT5fjv6wpkX6o/iEpbDrf68zcg==
  
  "@esbuild/android-x64@0.21.5":
    version "0.21.5"
    resolved "https://registry.yarnpkg.com/@esbuild/android-x64/-/android-x64-0.21.5.tgz#29918ec2db754cedcb6c1b04de8cd6547af6461e"
    integrity sha512-D7aPRUUNHRBwHxzxRvp856rjUHRFW1SdQATKXH2hqA0kAZb1hKmi02OpYRacl0TxIGz/ZmXWlbZgjwWYaCakTA==
  
  "@esbuild/darwin-arm64@0.21.5":
    version "0.21.5"
    resolved "https://registry.yarnpkg.com/@esbuild/darwin-arm64/-/darwin-arm64-0.21.5.tgz#e495b539660e51690f3928af50a76fb0a6ccff2a"
    integrity sha512-DwqXqZyuk5AiWWf3UfLiRDJ5EDd49zg6O9wclZ7kUMv2WRFr4HKjXp/5t8JZ11QbQfUS6/cRCKGwYhtNAY88kQ==
  
  "@esbuild/darwin-x64@0.21.5":
    version "0.21.5"
    resolved "https://registry.yarnpkg.com/@esbuild/darwin-x64/-/darwin-x64-0.21.5.tgz#c13838fa57372839abdddc91d71542ceea2e1e22"
    integrity sha512-se/JjF8NlmKVG4kNIuyWMV/22ZaerB+qaSi5MdrXtd6R08kvs2qCN4C09miupktDitvh8jRFflwGFBQcxZRjbw==
  
  "@esbuild/freebsd-arm64@0.21.5":
    version "0.21.5"
    resolved "https://registry.yarnpkg.com/@esbuild/freebsd-arm64/-/freebsd-arm64-0.21.5.tgz#646b989aa20bf89fd071dd5dbfad69a3542e550e"
    integrity sha512-5JcRxxRDUJLX8JXp/wcBCy3pENnCgBR9bN6JsY4OmhfUtIHe3ZW0mawA7+RDAcMLrMIZaf03NlQiX9DGyB8h4g==
  
  "@esbuild/freebsd-x64@0.21.5":
    version "0.21.5"
    resolved "https://registry.yarnpkg.com/@esbuild/freebsd-x64/-/freebsd-x64-0.21.5.tgz#aa615cfc80af954d3458906e38ca22c18cf5c261"
    integrity sha512-J95kNBj1zkbMXtHVH29bBriQygMXqoVQOQYA+ISs0/2l3T9/kj42ow2mpqerRBxDJnmkUDCaQT/dfNXWX/ZZCQ==
  
  "@esbuild/linux-arm64@0.21.5":
    version "0.21.5"
    resolved "https://registry.yarnpkg.com/@esbuild/linux-arm64/-/linux-arm64-0.21.5.tgz#70ac6fa14f5cb7e1f7f887bcffb680ad09922b5b"
    integrity sha512-ibKvmyYzKsBeX8d8I7MH/TMfWDXBF3db4qM6sy+7re0YXya+K1cem3on9XgdT2EQGMu4hQyZhan7TeQ8XkGp4Q==
  
  "@esbuild/linux-arm@0.21.5":
    version "0.21.5"
    resolved "https://registry.yarnpkg.com/@esbuild/linux-arm/-/linux-arm-0.21.5.tgz#fc6fd11a8aca56c1f6f3894f2bea0479f8f626b9"
    integrity sha512-bPb5AHZtbeNGjCKVZ9UGqGwo8EUu4cLq68E95A53KlxAPRmUyYv2D6F0uUI65XisGOL1hBP5mTronbgo+0bFcA==
  
  "@esbuild/linux-ia32@0.21.5":
    version "0.21.5"
    resolved "https://registry.yarnpkg.com/@esbuild/linux-ia32/-/linux-ia32-0.21.5.tgz#3271f53b3f93e3d093d518d1649d6d68d346ede2"
    integrity sha512-YvjXDqLRqPDl2dvRODYmmhz4rPeVKYvppfGYKSNGdyZkA01046pLWyRKKI3ax8fbJoK5QbxblURkwK/MWY18Tg==
  
  "@esbuild/linux-loong64@0.21.5":
    version "0.21.5"
    resolved "https://registry.yarnpkg.com/@esbuild/linux-loong64/-/linux-loong64-0.21.5.tgz#ed62e04238c57026aea831c5a130b73c0f9f26df"
    integrity sha512-uHf1BmMG8qEvzdrzAqg2SIG/02+4/DHB6a9Kbya0XDvwDEKCoC8ZRWI5JJvNdUjtciBGFQ5PuBlpEOXQj+JQSg==
  
  "@esbuild/linux-mips64el@0.21.5":
    version "0.21.5"
    resolved "https://registry.yarnpkg.com/@esbuild/linux-mips64el/-/linux-mips64el-0.21.5.tgz#e79b8eb48bf3b106fadec1ac8240fb97b4e64cbe"
    integrity sha512-IajOmO+KJK23bj52dFSNCMsz1QP1DqM6cwLUv3W1QwyxkyIWecfafnI555fvSGqEKwjMXVLokcV5ygHW5b3Jbg==
  
  "@esbuild/linux-ppc64@0.21.5":
    version "0.21.5"
    resolved "https://registry.yarnpkg.com/@esbuild/linux-ppc64/-/linux-ppc64-0.21.5.tgz#5f2203860a143b9919d383ef7573521fb154c3e4"
    integrity sha512-1hHV/Z4OEfMwpLO8rp7CvlhBDnjsC3CttJXIhBi+5Aj5r+MBvy4egg7wCbe//hSsT+RvDAG7s81tAvpL2XAE4w==
  
  "@esbuild/linux-riscv64@0.21.5":
    version "0.21.5"
    resolved "https://registry.yarnpkg.com/@esbuild/linux-riscv64/-/linux-riscv64-0.21.5.tgz#07bcafd99322d5af62f618cb9e6a9b7f4bb825dc"
    integrity sha512-2HdXDMd9GMgTGrPWnJzP2ALSokE/0O5HhTUvWIbD3YdjME8JwvSCnNGBnTThKGEB91OZhzrJ4qIIxk/SBmyDDA==
  
  "@esbuild/linux-s390x@0.21.5":
    version "0.21.5"
    resolved "https://registry.yarnpkg.com/@esbuild/linux-s390x/-/linux-s390x-0.21.5.tgz#b7ccf686751d6a3e44b8627ababc8be3ef62d8de"
    integrity sha512-zus5sxzqBJD3eXxwvjN1yQkRepANgxE9lgOW2qLnmr8ikMTphkjgXu1HR01K4FJg8h1kEEDAqDcZQtbrRnB41A==
  
  "@esbuild/linux-x64@0.21.5":
    version "0.21.5"
    resolved "https://registry.yarnpkg.com/@esbuild/linux-x64/-/linux-x64-0.21.5.tgz#6d8f0c768e070e64309af8004bb94e68ab2bb3b0"
    integrity sha512-1rYdTpyv03iycF1+BhzrzQJCdOuAOtaqHTWJZCWvijKD2N5Xu0TtVC8/+1faWqcP9iBCWOmjmhoH94dH82BxPQ==
  
  "@esbuild/netbsd-x64@0.21.5":
    version "0.21.5"
    resolved "https://registry.yarnpkg.com/@esbuild/netbsd-x64/-/netbsd-x64-0.21.5.tgz#bbe430f60d378ecb88decb219c602667387a6047"
    integrity sha512-Woi2MXzXjMULccIwMnLciyZH4nCIMpWQAs049KEeMvOcNADVxo0UBIQPfSmxB3CWKedngg7sWZdLvLczpe0tLg==
  
  "@esbuild/openbsd-x64@0.21.5":
    version "0.21.5"
    resolved "https://registry.yarnpkg.com/@esbuild/openbsd-x64/-/openbsd-x64-0.21.5.tgz#99d1cf2937279560d2104821f5ccce220cb2af70"
    integrity sha512-HLNNw99xsvx12lFBUwoT8EVCsSvRNDVxNpjZ7bPn947b8gJPzeHWyNVhFsaerc0n3TsbOINvRP2byTZ5LKezow==
  
  "@esbuild/sunos-x64@0.21.5":
    version "0.21.5"
    resolved "https://registry.yarnpkg.com/@esbuild/sunos-x64/-/sunos-x64-0.21.5.tgz#08741512c10d529566baba837b4fe052c8f3487b"
    integrity sha512-6+gjmFpfy0BHU5Tpptkuh8+uw3mnrvgs+dSPQXQOv3ekbordwnzTVEb4qnIvQcYXq6gzkyTnoZ9dZG+D4garKg==
  
  "@esbuild/win32-arm64@0.21.5":
    version "0.21.5"
    resolved "https://registry.yarnpkg.com/@esbuild/win32-arm64/-/win32-arm64-0.21.5.tgz#675b7385398411240735016144ab2e99a60fc75d"
    integrity sha512-Z0gOTd75VvXqyq7nsl93zwahcTROgqvuAcYDUr+vOv8uHhNSKROyU961kgtCD1e95IqPKSQKH7tBTslnS3tA8A==
  
  "@esbuild/win32-ia32@0.21.5":
    version "0.21.5"
    resolved "https://registry.yarnpkg.com/@esbuild/win32-ia32/-/win32-ia32-0.21.5.tgz#1bfc3ce98aa6ca9a0969e4d2af72144c59c1193b"
    integrity sha512-SWXFF1CL2RVNMaVs+BBClwtfZSvDgtL//G/smwAc5oVK/UPu2Gu9tIaRgFmYFFKrmg3SyAjSrElf0TiJ1v8fYA==
  
  "@esbuild/win32-x64@0.21.5":
    version "0.21.5"
    resolved "https://registry.npmjs.org/@esbuild/win32-x64/-/win32-x64-0.21.5.tgz"
    integrity sha512-tQd/1efJuzPC6rCFwEvLtci/xNFcTZknmXs98FYDfGE4wP9ClFV98nyKrzJKVPMhdDnjzLhdUyMX4PsQAPjwIw==
  
  "@rollup/rollup-android-arm-eabi@4.30.0":
    version "4.30.0"
    resolved "https://registry.yarnpkg.com/@rollup/rollup-android-arm-eabi/-/rollup-android-arm-eabi-4.30.0.tgz#f2552f6984cfae52784b2fbf0e47633f38955d66"
    integrity sha512-qFcFto9figFLz2g25DxJ1WWL9+c91fTxnGuwhToCl8BaqDsDYMl/kOnBXAyAqkkzAWimYMSWNPWEjt+ADAHuoQ==
  
  "@rollup/rollup-android-arm64@4.30.0":
    version "4.30.0"
    resolved "https://registry.yarnpkg.com/@rollup/rollup-android-arm64/-/rollup-android-arm64-4.30.0.tgz#7e5764268d3049b7341c60f1c650f1d71760a5b2"
    integrity sha512-vqrQdusvVl7dthqNjWCL043qelBK+gv9v3ZiqdxgaJvmZyIAAXMjeGVSqZynKq69T7062T5VrVTuikKSAAVP6A==
  
  "@rollup/rollup-darwin-arm64@4.30.0":
    version "4.30.0"
    resolved "https://registry.yarnpkg.com/@rollup/rollup-darwin-arm64/-/rollup-darwin-arm64-4.30.0.tgz#c9245577f673802f0f6de0d46ee776691d77552e"
    integrity sha512-617pd92LhdA9+wpixnzsyhVft3szYiN16aNUMzVkf2N+yAk8UXY226Bfp36LvxYTUt7MO/ycqGFjQgJ0wlMaWQ==
  
  "@rollup/rollup-darwin-x64@4.30.0":
    version "4.30.0"
    resolved "https://registry.yarnpkg.com/@rollup/rollup-darwin-x64/-/rollup-darwin-x64-4.30.0.tgz#e492705339542f8b54fa66f630c9d820bc708693"
    integrity sha512-Y3b4oDoaEhCypg8ajPqigKDcpi5ZZovemQl9Edpem0uNv6UUjXv7iySBpGIUTSs2ovWOzYpfw9EbFJXF/fJHWw==
  
  "@rollup/rollup-freebsd-arm64@4.30.0":
    version "4.30.0"
    resolved "https://registry.yarnpkg.com/@rollup/rollup-freebsd-arm64/-/rollup-freebsd-arm64-4.30.0.tgz#3e13b5d4d44ea87598d5d4db97181db1174fb3c8"
    integrity sha512-3REQJ4f90sFIBfa0BUokiCdrV/E4uIjhkWe1bMgCkhFXbf4D8YN6C4zwJL881GM818qVYE9BO3dGwjKhpo2ABA==
  
  "@rollup/rollup-freebsd-x64@4.30.0":
    version "4.30.0"
    resolved "https://registry.yarnpkg.com/@rollup/rollup-freebsd-x64/-/rollup-freebsd-x64-4.30.0.tgz#138daa08d1b345d605f57b4dedd18a50420488e7"
    integrity sha512-ZtY3Y8icbe3Cc+uQicsXG5L+CRGUfLZjW6j2gn5ikpltt3Whqjfo5mkyZ86UiuHF9Q3ZsaQeW7YswlHnN+lAcg==
  
  "@rollup/rollup-linux-arm-gnueabihf@4.30.0":
    version "4.30.0"
    resolved "https://registry.yarnpkg.com/@rollup/rollup-linux-arm-gnueabihf/-/rollup-linux-arm-gnueabihf-4.30.0.tgz#bdaece34f93c3dfd521e9ab8f5c740121862468e"
    integrity sha512-bsPGGzfiHXMhQGuFGpmo2PyTwcrh2otL6ycSZAFTESviUoBOuxF7iBbAL5IJXc/69peXl5rAtbewBFeASZ9O0g==
  
  "@rollup/rollup-linux-arm-musleabihf@4.30.0":
    version "4.30.0"
    resolved "https://registry.yarnpkg.com/@rollup/rollup-linux-arm-musleabihf/-/rollup-linux-arm-musleabihf-4.30.0.tgz#1804c6ec49be21521eac612513e0666cdde2188c"
    integrity sha512-kvyIECEhs2DrrdfQf++maCWJIQ974EI4txlz1nNSBaCdtf7i5Xf1AQCEJWOC5rEBisdaMFFnOWNLYt7KpFqy5A==
  
  "@rollup/rollup-linux-arm64-gnu@4.30.0":
    version "4.30.0"
    resolved "https://registry.yarnpkg.com/@rollup/rollup-linux-arm64-gnu/-/rollup-linux-arm64-gnu-4.30.0.tgz#2c4bd90f77fcf769502743ec38f184c00a087e08"
    integrity sha512-CFE7zDNrokaotXu+shwIrmWrFxllg79vciH4E/zeK7NitVuWEaXRzS0mFfFvyhZfn8WfVOG/1E9u8/DFEgK7WQ==
  
  "@rollup/rollup-linux-arm64-musl@4.30.0":
    version "4.30.0"
    resolved "https://registry.yarnpkg.com/@rollup/rollup-linux-arm64-musl/-/rollup-linux-arm64-musl-4.30.0.tgz#63eadee20f220d28e85cbd10aba671ada8e89c84"
    integrity sha512-MctNTBlvMcIBP0t8lV/NXiUwFg9oK5F79CxLU+a3xgrdJjfBLVIEHSAjQ9+ipofN2GKaMLnFFXLltg1HEEPaGQ==
  
  "@rollup/rollup-linux-loongarch64-gnu@4.30.0":
    version "4.30.0"
    resolved "https://registry.yarnpkg.com/@rollup/rollup-linux-loongarch64-gnu/-/rollup-linux-loongarch64-gnu-4.30.0.tgz#1c2c2bb30f61cbbc0fcf4e6c359777fcdb7108cc"
    integrity sha512-fBpoYwLEPivL3q368+gwn4qnYnr7GVwM6NnMo8rJ4wb0p/Y5lg88vQRRP077gf+tc25akuqd+1Sxbn9meODhwA==
  
  "@rollup/rollup-linux-powerpc64le-gnu@4.30.0":
    version "4.30.0"
    resolved "https://registry.yarnpkg.com/@rollup/rollup-linux-powerpc64le-gnu/-/rollup-linux-powerpc64le-gnu-4.30.0.tgz#cea71e0359f086a01c57cf312bef9ec9cc3ba010"
    integrity sha512-1hiHPV6dUaqIMXrIjN+vgJqtfkLpqHS1Xsg0oUfUVD98xGp1wX89PIXgDF2DWra1nxAd8dfE0Dk59MyeKaBVAw==
  
  "@rollup/rollup-linux-riscv64-gnu@4.30.0":
    version "4.30.0"
    resolved "https://registry.yarnpkg.com/@rollup/rollup-linux-riscv64-gnu/-/rollup-linux-riscv64-gnu-4.30.0.tgz#25ab4a6dbcbd27f4a68382f7963363f886a237aa"
    integrity sha512-U0xcC80SMpEbvvLw92emHrNjlS3OXjAM0aVzlWfar6PR0ODWCTQtKeeB+tlAPGfZQXicv1SpWwRz9Hyzq3Jx3g==
  
  "@rollup/rollup-linux-s390x-gnu@4.30.0":
    version "4.30.0"
    resolved "https://registry.yarnpkg.com/@rollup/rollup-linux-s390x-gnu/-/rollup-linux-s390x-gnu-4.30.0.tgz#7054b237152d9e36c51194532a6b70ca1a62a487"
    integrity sha512-VU/P/IODrNPasgZDLIFJmMiLGez+BN11DQWfTVlViJVabyF3JaeaJkP6teI8760f18BMGCQOW9gOmuzFaI1pUw==
  
  "@rollup/rollup-linux-x64-gnu@4.30.0":
    version "4.30.0"
    resolved "https://registry.yarnpkg.com/@rollup/rollup-linux-x64-gnu/-/rollup-linux-x64-gnu-4.30.0.tgz#3656a8341a6048f2111f423301aaad8e84a5fe90"
    integrity sha512-laQVRvdbKmjXuFA3ZiZj7+U24FcmoPlXEi2OyLfbpY2MW1oxLt9Au8q9eHd0x6Pw/Kw4oe9gwVXWwIf2PVqblg==
  
  "@rollup/rollup-linux-x64-musl@4.30.0":
    version "4.30.0"
    resolved "https://registry.yarnpkg.com/@rollup/rollup-linux-x64-musl/-/rollup-linux-x64-musl-4.30.0.tgz#cf8ae018ea6ff65eb36722a28beb93a20a6047f0"
    integrity sha512-3wzKzduS7jzxqcOvy/ocU/gMR3/QrHEFLge5CD7Si9fyHuoXcidyYZ6jyx8OPYmCcGm3uKTUl+9jUSAY74Ln5A==
  
  "@rollup/rollup-win32-arm64-msvc@4.30.0":
    version "4.30.0"
    resolved "https://registry.yarnpkg.com/@rollup/rollup-win32-arm64-msvc/-/rollup-win32-arm64-msvc-4.30.0.tgz#6b968f5b068469db16eac743811ee6c040671042"
    integrity sha512-jROwnI1+wPyuv696rAFHp5+6RFhXGGwgmgSfzE8e4xfit6oLRg7GyMArVUoM3ChS045OwWr9aTnU+2c1UdBMyw==
  
  "@rollup/rollup-win32-ia32-msvc@4.30.0":
    version "4.30.0"
    resolved "https://registry.yarnpkg.com/@rollup/rollup-win32-ia32-msvc/-/rollup-win32-ia32-msvc-4.30.0.tgz#0321de1a0540dd402e8e523d90cbd9d16f1b9e96"
    integrity sha512-duzweyup5WELhcXx5H1jokpr13i3BV9b48FMiikYAwk/MT1LrMYYk2TzenBd0jj4ivQIt58JWSxc19y4SvLP4g==
  
  "@rollup/rollup-win32-x64-msvc@4.30.0":
    version "4.30.0"
    resolved "https://registry.npmjs.org/@rollup/rollup-win32-x64-msvc/-/rollup-win32-x64-msvc-4.30.0.tgz"
    integrity sha512-DYvxS0M07PvgvavMIybCOBYheyrqlui6ZQBHJs6GqduVzHSZ06TPPvlfvnYstjODHQ8UUXFwt5YE+h0jFI8kwg==
  
  "@types/estree@1.0.6":
    version "1.0.6"
    resolved "https://registry.npmjs.org/@types/estree/-/estree-1.0.6.tgz"
    integrity sha512-AYnb1nQyY49te+VRAVgmzfcgjYS91mY5P0TKUDCLEM+gNnA+3T6rWITXRLYCpahpqSQbN5cE+gHpnPyXjHWxcw==
  
  esbuild@^0.21.3:
    version "0.21.5"
    resolved "https://registry.npmjs.org/esbuild/-/esbuild-0.21.5.tgz"
    integrity sha512-mg3OPMV4hXywwpoDxu3Qda5xCKQi+vCTZq8S9J/EpkhB2HzKXq4SNFZE3+NK93JYxc8VMSep+lOUSC/RVKaBqw==
    optionalDependencies:
      "@esbuild/aix-ppc64" "0.21.5"
      "@esbuild/android-arm" "0.21.5"
      "@esbuild/android-arm64" "0.21.5"
      "@esbuild/android-x64" "0.21.5"
      "@esbuild/darwin-arm64" "0.21.5"
      "@esbuild/darwin-x64" "0.21.5"
      "@esbuild/freebsd-arm64" "0.21.5"
      "@esbuild/freebsd-x64" "0.21.5"
      "@esbuild/linux-arm" "0.21.5"
      "@esbuild/linux-arm64" "0.21.5"
      "@esbuild/linux-ia32" "0.21.5"
      "@esbuild/linux-loong64" "0.21.5"
      "@esbuild/linux-mips64el" "0.21.5"
      "@esbuild/linux-ppc64" "0.21.5"
      "@esbuild/linux-riscv64" "0.21.5"
      "@esbuild/linux-s390x" "0.21.5"
      "@esbuild/linux-x64" "0.21.5"
      "@esbuild/netbsd-x64" "0.21.5"
      "@esbuild/openbsd-x64" "0.21.5"
      "@esbuild/sunos-x64" "0.21.5"
      "@esbuild/win32-arm64" "0.21.5"
      "@esbuild/win32-ia32" "0.21.5"
      "@esbuild/win32-x64" "0.21.5"
  
  fsevents@~2.3.2, fsevents@~2.3.3:
    version "2.3.3"
    resolved "https://registry.yarnpkg.com/fsevents/-/fsevents-2.3.3.tgz#cac6407785d03675a2a5e1a5305c697b347d90d6"
    integrity sha512-5xoDfX+fL7faATnagmWPpbFtwh/R77WmMMqqHGS65C3vvB0YHrgF+B1YmZ3441tMj5n63k0212XNoJwzlhffQw==
  
  nanoid@^3.3.7:
    version "3.3.8"
    resolved "https://registry.npmjs.org/nanoid/-/nanoid-3.3.8.tgz"
    integrity sha512-WNLf5Sd8oZxOm+TzppcYk8gVOgP+l58xNy58D0nbUnOxOWRWvlcCV4kUF7ltmI6PsrLl/BgKEyS4mqsGChFN0w==
  
  picocolors@^1.1.1:
    version "1.1.1"
    resolved "https://registry.npmjs.org/picocolors/-/picocolors-1.1.1.tgz"
    integrity sha512-xceH2snhtb5M9liqDsmEw56le376mTZkEX/jEb/RxNFyegNul7eNslCXP9FDj/Lcu0X8KEyMceP2ntpaHrDEVA==
  
  postcss@^8.4.43:
    version "8.4.49"
    resolved "https://registry.npmjs.org/postcss/-/postcss-8.4.49.tgz"
    integrity sha512-OCVPnIObs4N29kxTjzLfUryOkvZEq+pf8jTF0lg8E7uETuWHA+v7j3c/xJmiqpX450191LlmZfUKkXxkTry7nA==
    dependencies:
      nanoid "^3.3.7"
      picocolors "^1.1.1"
      source-map-js "^1.2.1"
  
  rollup@^4.20.0:
    version "4.30.0"
    resolved "https://registry.npmjs.org/rollup/-/rollup-4.30.0.tgz"
    integrity sha512-sDnr1pcjTgUT69qBksNF1N1anwfbyYG6TBQ22b03bII8EdiUQ7J0TlozVaTMjT/eEJAO49e1ndV7t+UZfL1+vA==
    dependencies:
      "@types/estree" "1.0.6"
    optionalDependencies:
      "@rollup/rollup-android-arm-eabi" "4.30.0"
      "@rollup/rollup-android-arm64" "4.30.0"
      "@rollup/rollup-darwin-arm64" "4.30.0"
      "@rollup/rollup-darwin-x64" "4.30.0"
      "@rollup/rollup-freebsd-arm64" "4.30.0"
      "@rollup/rollup-freebsd-x64" "4.30.0"
      "@rollup/rollup-linux-arm-gnueabihf" "4.30.0"
      "@rollup/rollup-linux-arm-musleabihf" "4.30.0"
      "@rollup/rollup-linux-arm64-gnu" "4.30.0"
      "@rollup/rollup-linux-arm64-musl" "4.30.0"
      "@rollup/rollup-linux-loongarch64-gnu" "4.30.0"
      "@rollup/rollup-linux-powerpc64le-gnu" "4.30.0"
      "@rollup/rollup-linux-riscv64-gnu" "4.30.0"
      "@rollup/rollup-linux-s390x-gnu" "4.30.0"
      "@rollup/rollup-linux-x64-gnu" "4.30.0"
      "@rollup/rollup-linux-x64-musl" "4.30.0"
      "@rollup/rollup-win32-arm64-msvc" "4.30.0"
      "@rollup/rollup-win32-ia32-msvc" "4.30.0"
      "@rollup/rollup-win32-x64-msvc" "4.30.0"
      fsevents "~2.3.2"
  
  source-map-js@^1.2.1:
    version "1.2.1"
    resolved "https://registry.npmjs.org/source-map-js/-/source-map-js-1.2.1.tgz"
    integrity sha512-UXWMKhLOwVKb728IUtQPXxfYU+usdybtUrK/8uGE8CQMvrhOpwvzDBwj0QhSL7MQc7vIsISBG8VQ8+IDQxpfQA==
  
  typescript@^5.2.2:
    version "5.5.4"
    resolved "https://registry.npmjs.org/typescript/-/typescript-5.5.4.tgz"
    integrity sha512-Mtq29sKDAEYP7aljRgtPOpTvOfbwRWlS6dPRzwjdE+C0R4brX/GUyhHSecbHMFLNBLcJIPt9nl9yG5TZ1weH+Q==
  
  vite@^5.4.0:
    version "5.4.11"
    resolved "https://registry.npmjs.org/vite/-/vite-5.4.11.tgz"
    integrity sha512-c7jFQRklXua0mTzneGW9QVyxFjUgwcihC4bXEtujIo2ouWCe1Ajt/amn2PCxYnhYfd5k09JX3SB7OYWFKYqj8Q==
    dependencies:
      esbuild "^0.21.3"
      postcss "^8.4.43"
      rollup "^4.20.0"
    optionalDependencies:
      fsevents "~2.3.3"
